  ParticleManager.cpp
C:\Users\David\source\repos\LucrareLicenta\LucrareLicenta\ParticleManager.cpp(42,15): warning C4244: 'initializing': conversion from 'float' to 'int', possible loss of data
C:\Users\David\source\repos\LucrareLicenta\LucrareLicenta\ParticleManager.cpp(43,20): warning C4244: 'initializing': conversion from 'float' to 'int', possible loss of data
C:\Users\David\source\repos\LucrareLicenta\LucrareLicenta\ParticleManager.cpp(44,15): warning C4244: 'initializing': conversion from 'float' to 'int', possible loss of data
C:\Users\David\source\repos\LucrareLicenta\LucrareLicenta\ParticleManager.cpp(46,27): warning C4838: conversion from 'int' to 'float' requires a narrowing conversion
C:\Users\David\source\repos\LucrareLicenta\LucrareLicenta\ParticleManager.cpp(46,27): warning C4244: 'initializing': conversion from 'int' to 'float', possible loss of data
C:\Users\David\source\repos\LucrareLicenta\LucrareLicenta\ParticleManager.cpp(46,51): warning C4838: conversion from 'int' to 'float' requires a narrowing conversion
C:\Users\David\source\repos\LucrareLicenta\LucrareLicenta\ParticleManager.cpp(46,51): warning C4244: 'initializing': conversion from 'int' to 'float', possible loss of data
C:\Users\David\source\repos\LucrareLicenta\LucrareLicenta\ParticleManager.cpp(137,52): warning C4244: 'argument': conversion from 'int' to '_Ty', possible loss of data
          with
          [
              _Ty=float
          ]
C:\Users\David\source\repos\LucrareLicenta\LucrareLicenta\ParticleManager.cpp(138,52): warning C4244: 'argument': conversion from 'int' to '_Ty', possible loss of data
          with
          [
              _Ty=float
          ]
C:\Users\David\source\repos\LucrareLicenta\LucrareLicenta\ParticleManager.cpp(158,34): warning C4244: 'argument': conversion from 'float' to 'int', possible loss of data
C:\Users\David\source\repos\LucrareLicenta\LucrareLicenta\ParticleManager.cpp(158,22): warning C4244: 'argument': conversion from 'float' to 'int', possible loss of data
C:\Users\David\source\repos\LucrareLicenta\LucrareLicenta\ParticleManager.cpp(206,52): warning C4244: 'argument': conversion from 'float' to 'int', possible loss of data
C:\Users\David\source\repos\LucrareLicenta\LucrareLicenta\ParticleManager.cpp(206,31): warning C4244: 'argument': conversion from 'float' to 'int', possible loss of data
C:\Users\David\source\repos\LucrareLicenta\LucrareLicenta\ParticleManager.cpp(212,11): warning C4244: 'initializing': conversion from 'float' to 'int', possible loss of data
C:\Users\David\source\repos\LucrareLicenta\LucrareLicenta\ParticleManager.cpp(213,11): warning C4244: 'initializing': conversion from 'float' to 'int', possible loss of data
C:\Users\David\source\repos\LucrareLicenta\LucrareLicenta\ParticleManager.cpp(214,11): warning C4244: 'initializing': conversion from 'float' to 'int', possible loss of data
C:\Users\David\source\repos\LucrareLicenta\LucrareLicenta\ParticleManager.cpp(215,11): warning C4244: 'initializing': conversion from 'float' to 'int', possible loss of data
C:\Users\David\source\repos\LucrareLicenta\LucrareLicenta\ParticleManager.cpp(238,23): warning C4244: 'argument': conversion from 'float' to 'int', possible loss of data
C:\Users\David\source\repos\LucrareLicenta\LucrareLicenta\ParticleManager.cpp(258,52): warning C4244: 'argument': conversion from 'float' to 'int', possible loss of data
C:\Users\David\source\repos\LucrareLicenta\LucrareLicenta\ParticleManager.cpp(258,31): warning C4244: 'argument': conversion from 'float' to 'int', possible loss of data
C:\Users\David\source\repos\LucrareLicenta\LucrareLicenta\GridContainer.h(107,26): warning C4244: 'initializing': conversion from 'float' to 'int', possible loss of data
C:\Users\David\source\repos\LucrareLicenta\LucrareLicenta\GridContainer.h(102,1): message : while compiling class template member function 'void GridContainer<Particle>::update(std::map<int,std::shared_ptr<Particle>,std::less<int>,std::allocator<std::pair<const int,std::shared_ptr<Particle>>>> &)'
C:\Users\David\source\repos\LucrareLicenta\LucrareLicenta\ParticleManager.cpp(302,23): message : see reference to function template instantiation 'void GridContainer<Particle>::update(std::map<int,std::shared_ptr<Particle>,std::less<int>,std::allocator<std::pair<const int,std::shared_ptr<Particle>>>> &)' being compiled
C:\Users\David\source\repos\LucrareLicenta\LucrareLicenta\ParticleManager.cpp(56,16): message : see reference to class template instantiation 'GridContainer<Particle>' being compiled
C:\Users\David\source\repos\LucrareLicenta\LucrareLicenta\BvhContainer.h(218): warning C4267: '=': conversion from 'size_t' to 'int', possible loss of data
C:\Users\David\source\repos\LucrareLicenta\LucrareLicenta\BvhContainer.h(215,1): message : while compiling class template member function 'void BvhContainer<Particle>::buildBVH(void)'
C:\Users\David\source\repos\LucrareLicenta\LucrareLicenta\ParticleManager.cpp(51,24): message : see reference to function template instantiation 'void BvhContainer<Particle>::buildBVH(void)' being compiled
C:\Users\David\source\repos\LucrareLicenta\LucrareLicenta\ParticleManager.cpp(51,14): message : see reference to class template instantiation 'BvhContainer<Particle>' being compiled
C:\Users\David\source\repos\LucrareLicenta\LucrareLicenta\BvhContainer.h(160,39): warning C4244: '=': conversion from 'float' to 'int', possible loss of data
C:\Users\David\source\repos\LucrareLicenta\LucrareLicenta\BvhContainer.h(147,1): message : while compiling class template member function 'void BvhContainer<Particle>::subdivide(int)'
C:\Users\David\source\repos\LucrareLicenta\LucrareLicenta\BvhContainer.h(220,18): message : see reference to function template instantiation 'void BvhContainer<Particle>::subdivide(int)' being compiled
C:\Users\David\source\repos\LucrareLicenta\LucrareLicenta\BvhContainer.h(162,39): warning C4244: '=': conversion from 'float' to 'int', possible loss of data
C:\Users\David\source\repos\LucrareLicenta\LucrareLicenta\QuadTree.h(164,80): warning C4244: 'argument': conversion from 'float' to 'int', possible loss of data
C:\Users\David\source\repos\LucrareLicenta\LucrareLicenta\QuadTree.h(163,1): message : while compiling class template member function 'void StaticQuadTree<std::_List_iterator<std::_List_val<std::_List_simple_types<_Ty>>>>::traverse(void)'
          with
          [
              _Ty=std::shared_ptr<Particle>
          ]
C:\Users\David\source\repos\LucrareLicenta\LucrareLicenta\QuadTreeContainer.h(142,22): message : see reference to function template instantiation 'void StaticQuadTree<std::_List_iterator<std::_List_val<std::_List_simple_types<_Ty>>>>::traverse(void)' being compiled
          with
          [
              _Ty=std::shared_ptr<Particle>
          ]
C:\Users\David\source\repos\LucrareLicenta\LucrareLicenta\QuadTreeContainer.h(19,1): message : see reference to class template instantiation 'StaticQuadTree<std::_List_iterator<std::_List_val<std::_List_simple_types<_Ty>>>>' being compiled
          with
          [
              _Ty=std::shared_ptr<Particle>
          ]
C:\Users\David\source\repos\LucrareLicenta\LucrareLicenta\ParticleManager.h(170,39): message : see reference to class template instantiation 'StaticQuadTreeContainer<Particle>' being compiled
C:\Users\David\source\repos\LucrareLicenta\LucrareLicenta\QuadTree.h(164,63): warning C4244: 'argument': conversion from 'float' to 'int', possible loss of data
C:\Users\David\source\repos\LucrareLicenta\LucrareLicenta\QuadTree.h(164,50): warning C4244: 'argument': conversion from 'float' to 'int', possible loss of data
C:\Users\David\source\repos\LucrareLicenta\LucrareLicenta\QuadTree.h(164,37): warning C4244: 'argument': conversion from 'float' to 'int', possible loss of data
C:\Users\David\source\repos\LucrareLicenta\LucrareLicenta\GridContainer.h(29,33): warning C4244: '=': conversion from 'int' to 'float', possible loss of data
C:\Users\David\source\repos\LucrareLicenta\LucrareLicenta\GridContainer.h(27,1): message : while compiling class template member function 'GridContainer<Particle>::GridContainer(int,int,int,int)'
C:\Program Files\Microsoft Visual Studio\2022\Community\VC\Tools\MSVC\14.35.32215\include\memory(3393,5): message : see reference to function template instantiation 'GridContainer<Particle>::GridContainer(int,int,int,int)' being compiled
C:\Users\David\source\repos\LucrareLicenta\LucrareLicenta\GridContainer.h(30,35): warning C4244: '=': conversion from 'int' to 'float', possible loss of data
  Timer.cpp
  Ui.cpp
  Generating Code...
LINK : warning LNK4098: defaultlib 'MSVCRT' conflicts with use of other libs; use /NODEFAULTLIB:library
  LucrareLicenta.vcxproj -> C:\Users\David\source\repos\LucrareLicenta\x64\Debug\LucrareLicenta.exe
